<?xml version="1.0" encoding="UTF-8"?>
<testng-results skipped="0" failed="0" ignored="0" total="1" passed="1">
  <reporter-output>
  </reporter-output>
  <suite name="Suite" duration-ms="19843" started-at="2018-02-03T10:27:51Z" finished-at="2018-02-03T10:28:11Z">
    <groups>
    </groups>
    <test name="Test" duration-ms="19843" started-at="2018-02-03T10:27:51Z" finished-at="2018-02-03T10:28:11Z">
      <class name="Qsp.Demo">
        <test-method status="PASS" signature="openandClose()[pri:0, instance:Qsp.Demo@59a6e353]" name="openandClose" duration-ms="19828" started-at="2018-02-03T15:57:51Z" finished-at="2018-02-03T15:58:11Z">
          <reporter-output>
          </reporter-output>
        </test-method> <!-- openandClose -->
      </class> <!-- Qsp.Demo -->
    </test> <!-- Test -->
  </suite> <!-- Suite -->
</testng-results>
